<?xml version="1.0" encoding="UTF-8"?>
<testsuite xmlns:xsi="http://www.w3.org/2001/XMLSchema-instance" xsi:noNamespaceSchemaLocation="https://maven.apache.org/surefire/maven-surefire-plugin/xsd/surefire-test-report.xsd" name="ru.netology.manager.ProductManagerTest" time="0.064" tests="5" errors="0" skipped="0" failures="0">
  <properties>
[...]
</properties>
  <testcase name="shouldSearchBySmartphoneName" classname="ru.netology.manager.ProductManagerTest" time="0.037"/>
  <testcase name="shouldSearchByBookName" classname="ru.netology.manager.ProductManagerTest" time="0"/>
  <testcase name="shouldSearchByBookAuthor" classname="ru.netology.manager.ProductManagerTest" time="0.002"/>
  <testcase name="shouldSearchBySmartphoneMaker" classname="ru.netology.manager.ProductManagerTest" time="0.001"/>
  <testcase name="shouldReturnNoMatches" classname="ru.netology.manager.ProductManagerTest" time="0.001"/>
</testsuite>